<component name="libraryTable">
  <library name="junit_4">
    <CLASSES>
      <root url="file://$PROJECT_DIR$/lib/junit_4" />
    </CLASSES>
    <JAVADOC />
    <SOURCES />
    <jarDirectory url="file://$PROJECT_DIR$/lib/junit_4" recursive="false" />
  </library>
</component>